Traceback (most recent call last):
  File "/Users/gabrielsanchez/opt/anaconda3/lib/python3.8/site-packages/jupyter_cache/executors/utils.py", line 58, in single_nb_execution
    executenb(
  File "/Users/gabrielsanchez/opt/anaconda3/lib/python3.8/site-packages/nbclient/client.py", line 1087, in execute
    return NotebookClient(nb=nb, resources=resources, km=km, **kwargs).execute()
  File "/Users/gabrielsanchez/opt/anaconda3/lib/python3.8/site-packages/nbclient/util.py", line 74, in wrapped
    return just_run(coro(*args, **kwargs))
  File "/Users/gabrielsanchez/opt/anaconda3/lib/python3.8/site-packages/nbclient/util.py", line 53, in just_run
    return loop.run_until_complete(coro)
  File "/Users/gabrielsanchez/opt/anaconda3/lib/python3.8/asyncio/base_events.py", line 616, in run_until_complete
    return future.result()
  File "/Users/gabrielsanchez/opt/anaconda3/lib/python3.8/site-packages/nbclient/client.py", line 540, in async_execute
    await self.async_execute_cell(
  File "/Users/gabrielsanchez/opt/anaconda3/lib/python3.8/site-packages/nbclient/client.py", line 832, in async_execute_cell
    self._check_raise_for_error(cell, exec_reply)
  File "/Users/gabrielsanchez/opt/anaconda3/lib/python3.8/site-packages/nbclient/client.py", line 740, in _check_raise_for_error
    raise CellExecutionError.from_cell_and_msg(cell, exec_reply['content'])
nbclient.exceptions.CellExecutionError: An error occurred while executing the following cell:
------------------
#Data

#SIE
#5sep2023
#cpi, m2, mpr
sie_columns = {
    '[Fecha]':'date',
    '[ARGENTINA]':'arg',
    '[BRASIL]':'bra',
    '[CHILE]':'chl',
    '[COLOMBIA]':'col',
    '[COSTA RICA]':'cri',
    '[MEXICO]':'mex'}

sie_vars = ['cpi','m2','mpr']

for x in sie_vars:
    g[x] = pd.read_excel(f'./data/%s.xlsx' % x, 
        header=1,
        usecols=sie_columns.keys()
        ).rename(columns=sie_columns
        ).set_index('date').dropna(how='all')
    g[x].index = pd.PeriodIndex(g[x].index, freq='M')

#FRED (CPIAUCSL)
#5sep2023
#uscpi
uscpi = pd.read_excel('./data/uscpi.xls',
        header=10
        ).rename(columns={'observation_date':'date','CPIAUCSL':'uscpi'}
        ).set_index('date')
uscpi.index = pd.PeriodIndex(uscpi.index, freq='M')

#OECD
#5sept2023
#er
erd = pd.read_csv('./data/er.csv',
    usecols=['LOCATION','TIME','Value']
    ).rename(columns={
        'LOCATION':'country','TIME':'date','Value':'er'}
        ).set_index('date')
erd.index = pd.PeriodIndex(erd.index, freq='M')

er = pd.DataFrame()
for c in countries:
    er[c] = erd[erd['country']==c.upper()]['er'].dropna()

#OECD (no estÃ¡n en la base)
#6sept2023
#Millones
#Q
#Final consumption expenditure
    #Private
    #General Government
#Gross capital formation
#CQRSA: National currency, current prices, quarterly levels, seasonally adjusted
oecd = pd.read_csv('./data/cons.csv',
    usecols=['LOCATION','Subject','TIME','Value']
    ).rename(columns={
        'LOCATION':'country','Subject':'subj','TIME':'date','Value':'value'}
        ).set_index('date').replace(
        {'Final consumption expenditure':'cons',
        'Private final consumption expenditure':'privcons',
        'General government final consumption expenditure':'govcons',
        'Gross capital formation':'gcf'}
        )
oecd.index = pd.PeriodIndex(oecd.index, freq='Q')
------------------

[0;31m---------------------------------------------------------------------------[0m
[0;31mValueError[0m                                Traceback (most recent call last)
File [0;32m~/opt/anaconda3/lib/python3.8/site-packages/pandas/io/parsers/python_parser.py:564[0m, in [0;36mPythonParser._handle_usecols[0;34m(self, columns, usecols_key, num_original_columns)[0m
[1;32m    563[0m [38;5;28;01mtry[39;00m:
[0;32m--> 564[0m     col_indices[38;5;241m.[39mappend([43musecols_key[49m[38;5;241;43m.[39;49m[43mindex[49m[43m([49m[43mcol[49m[43m)[49m)
[1;32m    565[0m [38;5;28;01mexcept[39;00m [38;5;167;01mValueError[39;00m:

[0;31mValueError[0m: '[Fecha]' is not in list

During handling of the above exception, another exception occurred:

[0;31mValueError[0m                                Traceback (most recent call last)
Input [0;32mIn [3][0m, in [0;36m<cell line: 17>[0;34m()[0m
[1;32m     15[0m sie_vars [38;5;241m=[39m [[38;5;124m'[39m[38;5;124mcpi[39m[38;5;124m'[39m,[38;5;124m'[39m[38;5;124mm2[39m[38;5;124m'[39m,[38;5;124m'[39m[38;5;124mmpr[39m[38;5;124m'[39m]
[1;32m     17[0m [38;5;28;01mfor[39;00m x [38;5;129;01min[39;00m sie_vars:
[0;32m---> 18[0m     g[x] [38;5;241m=[39m [43mpd[49m[38;5;241;43m.[39;49m[43mread_excel[49m[43m([49m[38;5;124;43mf[39;49m[38;5;124;43m'[39;49m[38;5;124;43m./data/%s.xlsx[39;49m[38;5;124;43m'[39;49m[43m [49m[38;5;241;43m%[39;49m[43m [49m[43mx[49m[43m,[49m[43m [49m
[1;32m     19[0m [43m        [49m[43mheader[49m[38;5;241;43m=[39;49m[38;5;241;43m1[39;49m[43m,[49m
[1;32m     20[0m [43m        [49m[43musecols[49m[38;5;241;43m=[39;49m[43msie_columns[49m[38;5;241;43m.[39;49m[43mkeys[49m[43m([49m[43m)[49m
[1;32m     21[0m [43m        [49m[43m)[49m[38;5;241m.[39mrename(columns[38;5;241m=[39msie_columns
[1;32m     22[0m         )[38;5;241m.[39mset_index([38;5;124m'[39m[38;5;124mdate[39m[38;5;124m'[39m)[38;5;241m.[39mdropna(how[38;5;241m=[39m[38;5;124m'[39m[38;5;124mall[39m[38;5;124m'[39m)
[1;32m     23[0m     g[x][38;5;241m.[39mindex [38;5;241m=[39m pd[38;5;241m.[39mPeriodIndex(g[x][38;5;241m.[39mindex, freq[38;5;241m=[39m[38;5;124m'[39m[38;5;124mM[39m[38;5;124m'[39m)
[1;32m     25[0m [38;5;66;03m#FRED (CPIAUCSL)[39;00m
[1;32m     26[0m [38;5;66;03m#5sep2023[39;00m
[1;32m     27[0m [38;5;66;03m#uscpi[39;00m

File [0;32m~/opt/anaconda3/lib/python3.8/site-packages/pandas/util/_decorators.py:311[0m, in [0;36mdeprecate_nonkeyword_arguments.<locals>.decorate.<locals>.wrapper[0;34m(*args, **kwargs)[0m
[1;32m    305[0m [38;5;28;01mif[39;00m [38;5;28mlen[39m(args) [38;5;241m>[39m num_allow_args:
[1;32m    306[0m     warnings[38;5;241m.[39mwarn(
[1;32m    307[0m         msg[38;5;241m.[39mformat(arguments[38;5;241m=[39marguments),
[1;32m    308[0m         [38;5;167;01mFutureWarning[39;00m,
[1;32m    309[0m         stacklevel[38;5;241m=[39mstacklevel,
[1;32m    310[0m     )
[0;32m--> 311[0m [38;5;28;01mreturn[39;00m [43mfunc[49m[43m([49m[38;5;241;43m*[39;49m[43margs[49m[43m,[49m[43m [49m[38;5;241;43m*[39;49m[38;5;241;43m*[39;49m[43mkwargs[49m[43m)[49m

File [0;32m~/opt/anaconda3/lib/python3.8/site-packages/pandas/io/excel/_base.py:465[0m, in [0;36mread_excel[0;34m(io, sheet_name, header, names, index_col, usecols, squeeze, dtype, engine, converters, true_values, false_values, skiprows, nrows, na_values, keep_default_na, na_filter, verbose, parse_dates, date_parser, thousands, decimal, comment, skipfooter, convert_float, mangle_dupe_cols, storage_options)[0m
[1;32m    459[0m     [38;5;28;01mraise[39;00m [38;5;167;01mValueError[39;00m(
[1;32m    460[0m         [38;5;124m"[39m[38;5;124mEngine should not be specified when passing [39m[38;5;124m"[39m
[1;32m    461[0m         [38;5;124m"[39m[38;5;124man ExcelFile - ExcelFile already has the engine set[39m[38;5;124m"[39m
[1;32m    462[0m     )
[1;32m    464[0m [38;5;28;01mtry[39;00m:
[0;32m--> 465[0m     data [38;5;241m=[39m [43mio[49m[38;5;241;43m.[39;49m[43mparse[49m[43m([49m
[1;32m    466[0m [43m        [49m[43msheet_name[49m[38;5;241;43m=[39;49m[43msheet_name[49m[43m,[49m
[1;32m    467[0m [43m        [49m[43mheader[49m[38;5;241;43m=[39;49m[43mheader[49m[43m,[49m
[1;32m    468[0m [43m        [49m[43mnames[49m[38;5;241;43m=[39;49m[43mnames[49m[43m,[49m
[1;32m    469[0m [43m        [49m[43mindex_col[49m[38;5;241;43m=[39;49m[43mindex_col[49m[43m,[49m
[1;32m    470[0m [43m        [49m[43musecols[49m[38;5;241;43m=[39;49m[43musecols[49m[43m,[49m
[1;32m    471[0m [43m        [49m[43msqueeze[49m[38;5;241;43m=[39;49m[43msqueeze[49m[43m,[49m
[1;32m    472[0m [43m        [49m[43mdtype[49m[38;5;241;43m=[39;49m[43mdtype[49m[43m,[49m
[1;32m    473[0m [43m        [49m[43mconverters[49m[38;5;241;43m=[39;49m[43mconverters[49m[43m,[49m
[1;32m    474[0m [43m        [49m[43mtrue_values[49m[38;5;241;43m=[39;49m[43mtrue_values[49m[43m,[49m
[1;32m    475[0m [43m        [49m[43mfalse_values[49m[38;5;241;43m=[39;49m[43mfalse_values[49m[43m,[49m
[1;32m    476[0m [43m        [49m[43mskiprows[49m[38;5;241;43m=[39;49m[43mskiprows[49m[43m,[49m
[1;32m    477[0m [43m        [49m[43mnrows[49m[38;5;241;43m=[39;49m[43mnrows[49m[43m,[49m
[1;32m    478[0m [43m        [49m[43mna_values[49m[38;5;241;43m=[39;49m[43mna_values[49m[43m,[49m
[1;32m    479[0m [43m        [49m[43mkeep_default_na[49m[38;5;241;43m=[39;49m[43mkeep_default_na[49m[43m,[49m
[1;32m    480[0m [43m        [49m[43mna_filter[49m[38;5;241;43m=[39;49m[43mna_filter[49m[43m,[49m
[1;32m    481[0m [43m        [49m[43mverbose[49m[38;5;241;43m=[39;49m[43mverbose[49m[43m,[49m
[1;32m    482[0m [43m        [49m[43mparse_dates[49m[38;5;241;43m=[39;49m[43mparse_dates[49m[43m,[49m
[1;32m    483[0m [43m        [49m[43mdate_parser[49m[38;5;241;43m=[39;49m[43mdate_parser[49m[43m,[49m
[1;32m    484[0m [43m        [49m[43mthousands[49m[38;5;241;43m=[39;49m[43mthousands[49m[43m,[49m
[1;32m    485[0m [43m        [49m[43mdecimal[49m[38;5;241;43m=[39;49m[43mdecimal[49m[43m,[49m
[1;32m    486[0m [43m        [49m[43mcomment[49m[38;5;241;43m=[39;49m[43mcomment[49m[43m,[49m
[1;32m    487[0m [43m        [49m[43mskipfooter[49m[38;5;241;43m=[39;49m[43mskipfooter[49m[43m,[49m
[1;32m    488[0m [43m        [49m[43mconvert_float[49m[38;5;241;43m=[39;49m[43mconvert_float[49m[43m,[49m
[1;32m    489[0m [43m        [49m[43mmangle_dupe_cols[49m[38;5;241;43m=[39;49m[43mmangle_dupe_cols[49m[43m,[49m
[1;32m    490[0m [43m    [49m[43m)[49m
[1;32m    491[0m [38;5;28;01mfinally[39;00m:
[1;32m    492[0m     [38;5;66;03m# make sure to close opened file handles[39;00m
[1;32m    493[0m     [38;5;28;01mif[39;00m should_close:

File [0;32m~/opt/anaconda3/lib/python3.8/site-packages/pandas/io/excel/_base.py:1458[0m, in [0;36mExcelFile.parse[0;34m(self, sheet_name, header, names, index_col, usecols, squeeze, converters, true_values, false_values, skiprows, nrows, na_values, parse_dates, date_parser, thousands, comment, skipfooter, convert_float, mangle_dupe_cols, **kwds)[0m
[1;32m   1424[0m [38;5;28;01mdef[39;00m [38;5;21mparse[39m(
[1;32m   1425[0m     [38;5;28mself[39m,
[1;32m   1426[0m     sheet_name: [38;5;28mstr[39m [38;5;241m|[39m [38;5;28mint[39m [38;5;241m|[39m [38;5;28mlist[39m[[38;5;28mint[39m] [38;5;241m|[39m [38;5;28mlist[39m[[38;5;28mstr[39m] [38;5;241m|[39m [38;5;28;01mNone[39;00m [38;5;241m=[39m [38;5;241m0[39m,
[0;32m   (...)[0m
[1;32m   1445[0m     [38;5;241m*[39m[38;5;241m*[39mkwds,
[1;32m   1446[0m ) [38;5;241m-[39m[38;5;241m>[39m DataFrame [38;5;241m|[39m [38;5;28mdict[39m[[38;5;28mstr[39m, DataFrame] [38;5;241m|[39m [38;5;28mdict[39m[[38;5;28mint[39m, DataFrame]:
[1;32m   1447[0m     [38;5;124;03m"""[39;00m
[1;32m   1448[0m [38;5;124;03m    Parse specified sheet(s) into a DataFrame.[39;00m
[1;32m   1449[0m 
[0;32m   (...)[0m
[1;32m   1456[0m [38;5;124;03m        DataFrame from the passed in Excel file.[39;00m
[1;32m   1457[0m [38;5;124;03m    """[39;00m
[0;32m-> 1458[0m     [38;5;28;01mreturn[39;00m [38;5;28;43mself[39;49m[38;5;241;43m.[39;49m[43m_reader[49m[38;5;241;43m.[39;49m[43mparse[49m[43m([49m
[1;32m   1459[0m [43m        [49m[43msheet_name[49m[38;5;241;43m=[39;49m[43msheet_name[49m[43m,[49m
[1;32m   1460[0m [43m        [49m[43mheader[49m[38;5;241;43m=[39;49m[43mheader[49m[43m,[49m
[1;32m   1461[0m [43m        [49m[43mnames[49m[38;5;241;43m=[39;49m[43mnames[49m[43m,[49m
[1;32m   1462[0m [43m        [49m[43mindex_col[49m[38;5;241;43m=[39;49m[43mindex_col[49m[43m,[49m
[1;32m   1463[0m [43m        [49m[43musecols[49m[38;5;241;43m=[39;49m[43musecols[49m[43m,[49m
[1;32m   1464[0m [43m        [49m[43msqueeze[49m[38;5;241;43m=[39;49m[43msqueeze[49m[43m,[49m
[1;32m   1465[0m [43m        [49m[43mconverters[49m[38;5;241;43m=[39;49m[43mconverters[49m[43m,[49m
[1;32m   1466[0m [43m        [49m[43mtrue_values[49m[38;5;241;43m=[39;49m[43mtrue_values[49m[43m,[49m
[1;32m   1467[0m [43m        [49m[43mfalse_values[49m[38;5;241;43m=[39;49m[43mfalse_values[49m[43m,[49m
[1;32m   1468[0m [43m        [49m[43mskiprows[49m[38;5;241;43m=[39;49m[43mskiprows[49m[43m,[49m
[1;32m   1469[0m [43m        [49m[43mnrows[49m[38;5;241;43m=[39;49m[43mnrows[49m[43m,[49m
[1;32m   1470[0m [43m        [49m[43mna_values[49m[38;5;241;43m=[39;49m[43mna_values[49m[43m,[49m
[1;32m   1471[0m [43m        [49m[43mparse_dates[49m[38;5;241;43m=[39;49m[43mparse_dates[49m[43m,[49m
[1;32m   1472[0m [43m        [49m[43mdate_parser[49m[38;5;241;43m=[39;49m[43mdate_parser[49m[43m,[49m
[1;32m   1473[0m [43m        [49m[43mthousands[49m[38;5;241;43m=[39;49m[43mthousands[49m[43m,[49m
[1;32m   1474[0m [43m        [49m[43mcomment[49m[38;5;241;43m=[39;49m[43mcomment[49m[43m,[49m
[1;32m   1475[0m [43m        [49m[43mskipfooter[49m[38;5;241;43m=[39;49m[43mskipfooter[49m[43m,[49m
[1;32m   1476[0m [43m        [49m[43mconvert_float[49m[38;5;241;43m=[39;49m[43mconvert_float[49m[43m,[49m
[1;32m   1477[0m [43m        [49m[43mmangle_dupe_cols[49m[38;5;241;43m=[39;49m[43mmangle_dupe_cols[49m[43m,[49m
[1;32m   1478[0m [43m        [49m[38;5;241;43m*[39;49m[38;5;241;43m*[39;49m[43mkwds[49m[43m,[49m
[1;32m   1479[0m [43m    [49m[43m)[49m

File [0;32m~/opt/anaconda3/lib/python3.8/site-packages/pandas/io/excel/_base.py:715[0m, in [0;36mBaseExcelReader.parse[0;34m(self, sheet_name, header, names, index_col, usecols, squeeze, dtype, true_values, false_values, skiprows, nrows, na_values, verbose, parse_dates, date_parser, thousands, decimal, comment, skipfooter, convert_float, mangle_dupe_cols, **kwds)[0m
[1;32m    713[0m [38;5;66;03m# GH 12292 : error when read one empty column from excel file[39;00m
[1;32m    714[0m [38;5;28;01mtry[39;00m:
[0;32m--> 715[0m     parser [38;5;241m=[39m [43mTextParser[49m[43m([49m
[1;32m    716[0m [43m        [49m[43mdata[49m[43m,[49m
[1;32m    717[0m [43m        [49m[43mnames[49m[38;5;241;43m=[39;49m[43mnames[49m[43m,[49m
[1;32m    718[0m [43m        [49m[43mheader[49m[38;5;241;43m=[39;49m[43mheader[49m[43m,[49m
[1;32m    719[0m [43m        [49m[43mindex_col[49m[38;5;241;43m=[39;49m[43mindex_col[49m[43m,[49m
[1;32m    720[0m [43m        [49m[43mhas_index_names[49m[38;5;241;43m=[39;49m[43mhas_index_names[49m[43m,[49m
[1;32m    721[0m [43m        [49m[43msqueeze[49m[38;5;241;43m=[39;49m[43msqueeze[49m[43m,[49m
[1;32m    722[0m [43m        [49m[43mdtype[49m[38;5;241;43m=[39;49m[43mdtype[49m[43m,[49m
[1;32m    723[0m [43m        [49m[43mtrue_values[49m[38;5;241;43m=[39;49m[43mtrue_values[49m[43m,[49m
[1;32m    724[0m [43m        [49m[43mfalse_values[49m[38;5;241;43m=[39;49m[43mfalse_values[49m[43m,[49m
[1;32m    725[0m [43m        [49m[43mskiprows[49m[38;5;241;43m=[39;49m[43mskiprows[49m[43m,[49m
[1;32m    726[0m [43m        [49m[43mnrows[49m[38;5;241;43m=[39;49m[43mnrows[49m[43m,[49m
[1;32m    727[0m [43m        [49m[43mna_values[49m[38;5;241;43m=[39;49m[43mna_values[49m[43m,[49m
[1;32m    728[0m [43m        [49m[43mskip_blank_lines[49m[38;5;241;43m=[39;49m[38;5;28;43;01mFalse[39;49;00m[43m,[49m[43m  [49m[38;5;66;43;03m# GH 39808[39;49;00m
[1;32m    729[0m [43m        [49m[43mparse_dates[49m[38;5;241;43m=[39;49m[43mparse_dates[49m[43m,[49m
[1;32m    730[0m [43m        [49m[43mdate_parser[49m[38;5;241;43m=[39;49m[43mdate_parser[49m[43m,[49m
[1;32m    731[0m [43m        [49m[43mthousands[49m[38;5;241;43m=[39;49m[43mthousands[49m[43m,[49m
[1;32m    732[0m [43m        [49m[43mdecimal[49m[38;5;241;43m=[39;49m[43mdecimal[49m[43m,[49m
[1;32m    733[0m [43m        [49m[43mcomment[49m[38;5;241;43m=[39;49m[43mcomment[49m[43m,[49m
[1;32m    734[0m [43m        [49m[43mskipfooter[49m[38;5;241;43m=[39;49m[43mskipfooter[49m[43m,[49m
[1;32m    735[0m [43m        [49m[43musecols[49m[38;5;241;43m=[39;49m[43musecols[49m[43m,[49m
[1;32m    736[0m [43m        [49m[43mmangle_dupe_cols[49m[38;5;241;43m=[39;49m[43mmangle_dupe_cols[49m[43m,[49m
[1;32m    737[0m [43m        [49m[38;5;241;43m*[39;49m[38;5;241;43m*[39;49m[43mkwds[49m[43m,[49m
[1;32m    738[0m [43m    [49m[43m)[49m
[1;32m    740[0m     output[asheetname] [38;5;241m=[39m parser[38;5;241m.[39mread(nrows[38;5;241m=[39mnrows)
[1;32m    742[0m     [38;5;28;01mif[39;00m [38;5;129;01mnot[39;00m squeeze [38;5;129;01mor[39;00m [38;5;28misinstance[39m(output[asheetname], DataFrame):

File [0;32m~/opt/anaconda3/lib/python3.8/site-packages/pandas/io/parsers/readers.py:1351[0m, in [0;36mTextParser[0;34m(*args, **kwds)[0m
[1;32m   1295[0m [38;5;124;03m"""[39;00m
[1;32m   1296[0m [38;5;124;03mConverts lists of lists/tuples into DataFrames with proper type inference[39;00m
[1;32m   1297[0m [38;5;124;03mand optional (e.g. string to datetime) conversion. Also enables iterating[39;00m
[0;32m   (...)[0m
[1;32m   1348[0m [38;5;124;03m    .. versionchanged:: 1.2[39;00m
[1;32m   1349[0m [38;5;124;03m"""[39;00m
[1;32m   1350[0m kwds[[38;5;124m"[39m[38;5;124mengine[39m[38;5;124m"[39m] [38;5;241m=[39m [38;5;124m"[39m[38;5;124mpython[39m[38;5;124m"[39m
[0;32m-> 1351[0m [38;5;28;01mreturn[39;00m [43mTextFileReader[49m[43m([49m[38;5;241;43m*[39;49m[43margs[49m[43m,[49m[43m [49m[38;5;241;43m*[39;49m[38;5;241;43m*[39;49m[43mkwds[49m[43m)[49m

File [0;32m~/opt/anaconda3/lib/python3.8/site-packages/pandas/io/parsers/readers.py:934[0m, in [0;36mTextFileReader.__init__[0;34m(self, f, engine, **kwds)[0m
[1;32m    931[0m     [38;5;28mself[39m[38;5;241m.[39moptions[[38;5;124m"[39m[38;5;124mhas_index_names[39m[38;5;124m"[39m] [38;5;241m=[39m kwds[[38;5;124m"[39m[38;5;124mhas_index_names[39m[38;5;124m"[39m]
[1;32m    933[0m [38;5;28mself[39m[38;5;241m.[39mhandles: IOHandles [38;5;241m|[39m [38;5;28;01mNone[39;00m [38;5;241m=[39m [38;5;28;01mNone[39;00m
[0;32m--> 934[0m [38;5;28mself[39m[38;5;241m.[39m_engine [38;5;241m=[39m [38;5;28;43mself[39;49m[38;5;241;43m.[39;49m[43m_make_engine[49m[43m([49m[43mf[49m[43m,[49m[43m [49m[38;5;28;43mself[39;49m[38;5;241;43m.[39;49m[43mengine[49m[43m)[49m

File [0;32m~/opt/anaconda3/lib/python3.8/site-packages/pandas/io/parsers/readers.py:1236[0m, in [0;36mTextFileReader._make_engine[0;34m(self, f, engine)[0m
[1;32m   1233[0m     [38;5;28;01mraise[39;00m [38;5;167;01mValueError[39;00m(msg)
[1;32m   1235[0m [38;5;28;01mtry[39;00m:
[0;32m-> 1236[0m     [38;5;28;01mreturn[39;00m [43mmapping[49m[43m[[49m[43mengine[49m[43m][49m[43m([49m[43mf[49m[43m,[49m[43m [49m[38;5;241;43m*[39;49m[38;5;241;43m*[39;49m[38;5;28;43mself[39;49m[38;5;241;43m.[39;49m[43moptions[49m[43m)[49m
[1;32m   1237[0m [38;5;28;01mexcept[39;00m [38;5;167;01mException[39;00m:
[1;32m   1238[0m     [38;5;28;01mif[39;00m [38;5;28mself[39m[38;5;241m.[39mhandles [38;5;129;01mis[39;00m [38;5;129;01mnot[39;00m [38;5;28;01mNone[39;00m:

File [0;32m~/opt/anaconda3/lib/python3.8/site-packages/pandas/io/parsers/python_parser.py:115[0m, in [0;36mPythonParser.__init__[0;34m(self, f, **kwds)[0m
[1;32m    109[0m [38;5;28mself[39m[38;5;241m.[39m_col_indices: [38;5;28mlist[39m[[38;5;28mint[39m] [38;5;241m|[39m [38;5;28;01mNone[39;00m [38;5;241m=[39m [38;5;28;01mNone[39;00m
[1;32m    110[0m columns: [38;5;28mlist[39m[[38;5;28mlist[39m[Scalar [38;5;241m|[39m [38;5;28;01mNone[39;00m]]
[1;32m    111[0m (
[1;32m    112[0m     columns,
[1;32m    113[0m     [38;5;28mself[39m[38;5;241m.[39mnum_original_columns,
[1;32m    114[0m     [38;5;28mself[39m[38;5;241m.[39munnamed_cols,
[0;32m--> 115[0m ) [38;5;241m=[39m [38;5;28;43mself[39;49m[38;5;241;43m.[39;49m[43m_infer_columns[49m[43m([49m[43m)[49m
[1;32m    117[0m [38;5;66;03m# Now self.columns has the set of columns that we will process.[39;00m
[1;32m    118[0m [38;5;66;03m# The original set is stored in self.original_columns.[39;00m
[1;32m    119[0m [38;5;66;03m# error: Cannot determine type of 'index_names'[39;00m
[1;32m    120[0m [38;5;28mself[39m[38;5;241m.[39mcolumns: [38;5;28mlist[39m[Hashable]

File [0;32m~/opt/anaconda3/lib/python3.8/site-packages/pandas/io/parsers/python_parser.py:496[0m, in [0;36mPythonParser._infer_columns[0;34m(self)[0m
[1;32m    494[0m             columns [38;5;241m=[39m [names]
[1;32m    495[0m     [38;5;28;01melse[39;00m:
[0;32m--> 496[0m         columns [38;5;241m=[39m [38;5;28;43mself[39;49m[38;5;241;43m.[39;49m[43m_handle_usecols[49m[43m([49m
[1;32m    497[0m [43m            [49m[43mcolumns[49m[43m,[49m[43m [49m[43mcolumns[49m[43m[[49m[38;5;241;43m0[39;49m[43m][49m[43m,[49m[43m [49m[43mnum_original_columns[49m
[1;32m    498[0m [43m        [49m[43m)[49m
[1;32m    499[0m [38;5;28;01melse[39;00m:
[1;32m    500[0m     [38;5;28;01mtry[39;00m:

File [0;32m~/opt/anaconda3/lib/python3.8/site-packages/pandas/io/parsers/python_parser.py:566[0m, in [0;36mPythonParser._handle_usecols[0;34m(self, columns, usecols_key, num_original_columns)[0m
[1;32m    564[0m         col_indices[38;5;241m.[39mappend(usecols_key[38;5;241m.[39mindex(col))
[1;32m    565[0m     [38;5;28;01mexcept[39;00m [38;5;167;01mValueError[39;00m:
[0;32m--> 566[0m         [38;5;28;43mself[39;49m[38;5;241;43m.[39;49m[43m_validate_usecols_names[49m[43m([49m[38;5;28;43mself[39;49m[38;5;241;43m.[39;49m[43musecols[49m[43m,[49m[43m [49m[43musecols_key[49m[43m)[49m
[1;32m    567[0m [38;5;28;01melse[39;00m:
[1;32m    568[0m     col_indices[38;5;241m.[39mappend(col)

File [0;32m~/opt/anaconda3/lib/python3.8/site-packages/pandas/io/parsers/base_parser.py:913[0m, in [0;36mParserBase._validate_usecols_names[0;34m(self, usecols, names)[0m
[1;32m    911[0m missing [38;5;241m=[39m [c [38;5;28;01mfor[39;00m c [38;5;129;01min[39;00m usecols [38;5;28;01mif[39;00m c [38;5;129;01mnot[39;00m [38;5;129;01min[39;00m names]
[1;32m    912[0m [38;5;28;01mif[39;00m [38;5;28mlen[39m(missing) [38;5;241m>[39m [38;5;241m0[39m:
[0;32m--> 913[0m     [38;5;28;01mraise[39;00m [38;5;167;01mValueError[39;00m(
[1;32m    914[0m         [38;5;124mf[39m[38;5;124m"[39m[38;5;124mUsecols do not match columns, columns expected but not found: [39m[38;5;124m"[39m
[1;32m    915[0m         [38;5;124mf[39m[38;5;124m"[39m[38;5;132;01m{[39;00mmissing[38;5;132;01m}[39;00m[38;5;124m"[39m
[1;32m    916[0m     )
[1;32m    918[0m [38;5;28;01mreturn[39;00m usecols

[0;31mValueError[0m: Usecols do not match columns, columns expected but not found: ['[Fecha]', '[COLOMBIA]', '[COSTA RICA]', '[BRASIL]', '[CHILE]', '[ARGENTINA]', '[MEXICO]']
ValueError: Usecols do not match columns, columns expected but not found: ['[Fecha]', '[COLOMBIA]', '[COSTA RICA]', '[BRASIL]', '[CHILE]', '[ARGENTINA]', '[MEXICO]']

